<?xml version="1.0" encoding="UTF-8"?>
<testsuite xmlns:xsi="http://www.w3.org/2001/XMLSchema-instance" xsi:noNamespaceSchemaLocation="https://maven.apache.org/surefire/maven-surefire-plugin/xsd/surefire-test-report.xsd" version="3.0.1" name="com.mycompany.app.ProgramTest" time="0.551" tests="10" errors="0" skipped="0" failures="0">
  <properties>
[...]
</properties>
  <testcase name="ticTacToeCellStoresMetadata" classname="com.mycompany.app.ProgramTest" time="0.25"/>
  <testcase name="checkStateDetectsDraw" classname="com.mycompany.app.ProgramTest" time="0.014"/>
  <testcase name="checkStateDetectsOWin" classname="com.mycompany.app.ProgramTest" time="0.004"/>
  <testcase name="checkStateDetectsXWin" classname="com.mycompany.app.ProgramTest" time="0.003"/>
  <testcase name="minAndMaxMoveReturnTerminalScores" classname="com.mycompany.app.ProgramTest" time="0.002"/>
  <testcase name="miniMaxFindsWinningMove" classname="com.mycompany.app.ProgramTest" time="0.003"/>
  <testcase name="utilityPrintMethodsRun" classname="com.mycompany.app.ProgramTest" time="0.009"/>
  <testcase name="panelClickUpdatesBoardAndKeepsPlaying" classname="com.mycompany.app.ProgramTest" time="0.178"/>
  <testcase name="generateMovesReturnsFreeCells" classname="com.mycompany.app.ProgramTest" time="0.002"/>
  <testcase name="evaluatePositionScoresWinLossAndDraw" classname="com.mycompany.app.ProgramTest" time="0.003"/>
</testsuite>